This is e-pTeX, Version 3.141592653-p4.0.0-220214-2.6 (utf8.euc) (TeX Live 2022) (preloaded format=platex 2023.2.24)  23 MAY 2026 19:13
entering extended mode
 restricted \write18 enabled.
 %&-line parsing enabled.
**politics_007.tex
(/usr/local/texlive/2022/texmf-dist/tex/latex/tools/q.tex
pLaTeX2e <2023-02-14> (based on LaTeX2e <2022-11-01> patch level 1)
L3 programming layer <2023-02-07> File ignored
)
! Emergency stop.
<*> politics_007.tex
                    
*** (job aborted, no legal \end found)

 
Here is how much of TeX's memory you used:
 20 strings out of 476456
 476 string characters out of 5801749
 1849356 words of memory out of 5000000
 20819 multiletter control sequences out of 15000+600000
 516158 words of font info for 49 fonts, out of 8000000 for 9000
 929 hyphenation exceptions out of 8191
 15i,0n,23p,96b,18s stack positions out of 10000i,1000n,20000p,200000b,200000s
No pages of output.
